1644937006447	geckodriver	INFO	Listening on 127.0.0.1:59689
1644937009553	mozrunner::runner	INFO	Running command: "C:\\Program Files\\Mozilla Firefox\\firefox.exe" "--marionette" "-no-remote" "-profile" "C:\\Users\\felip\\AppData\\Local\\Temp\\rust_mozprofilecZuqQ0"
1644937009914	Marionette	INFO	Marionette enabled
console.warn: SearchSettings: "get: No settings file exists, new profile?" (new NotFoundError("Could not open the file at C:\\Users\\felip\\AppData\\Local\\Temp\\rust_mozprofilecZuqQ0\\search.json.mozlz4", (void 0)))
1644937011974	Marionette	INFO	Listening on port 59697
1644937012273	RemoteAgent	WARN	TLS certificate errors will be ignored for this session
console.warn: LoginRecipes: "getRecipes: falling back to a synchronous message for:" "https://www.google.com"
1644937024238	Marionette	INFO	Stopped listening on port 59697

###!!! [Parent][PGPUParent] Error: RunMessage(msgname=PGPU::Msg_ShutdownVR) Channel closing: too late to send/recv, messages will be lost

1644937657514	geckodriver	INFO	Listening on 127.0.0.1:58324
1644937660595	mozrunner::runner	INFO	Running command: "C:\\Program Files\\Mozilla Firefox\\firefox.exe" "--marionette" "-no-remote" "-profile" "C:\\Users\\felip\\AppData\\Local\\Temp\\rust_mozprofileLC2MWh"
1644937661058	Marionette	INFO	Marionette enabled
console.warn: SearchSettings: "get: No settings file exists, new profile?" (new NotFoundError("Could not open the file at C:\\Users\\felip\\AppData\\Local\\Temp\\rust_mozprofileLC2MWh\\search.json.mozlz4", (void 0)))
1644937662802	Marionette	INFO	Listening on port 58333
1644937663283	RemoteAgent	WARN	TLS certificate errors will be ignored for this session
1644937676813	Marionette	INFO	Stopped listening on port 58333

###!!! [Parent][PGPUParent] Error: RunMessage(msgname=PGPU::Msg_ShutdownVR) Channel closing: too late to send/recv, messages will be lost

1644937758810	geckodriver	INFO	Listening on 127.0.0.1:53742
1644937761871	mozrunner::runner	INFO	Running command: "C:\\Program Files\\Mozilla Firefox\\firefox.exe" "--marionette" "-no-remote" "-profile" "C:\\Users\\felip\\AppData\\Local\\Temp\\rust_mozprofileWxcVTc"
1644937762378	Marionette	INFO	Marionette enabled
console.warn: SearchSettings: "get: No settings file exists, new profile?" (new NotFoundError("Could not open the file at C:\\Users\\felip\\AppData\\Local\\Temp\\rust_mozprofileWxcVTc\\search.json.mozlz4", (void 0)))
1644937764463	Marionette	INFO	Listening on port 53750
1644937764583	RemoteAgent	WARN	TLS certificate errors will be ignored for this session
JavaScript error: resource://gre/modules/AsyncShutdown.jsm, line 575: NotFoundError: No such JSWindowActor 'DevToolsFrame'
JavaScript error: resource://gre/modules/AsyncShutdown.jsm, line 575: NotFoundError: No such JSWindowActor 'DevToolsFrame'
1644938165272	Marionette	INFO	Stopped listening on port 53750
[Parent 3128, IPC I/O Parent] WARNING: file /builds/worker/checkouts/gecko/ipc/chromium/src/base/process_util_win.cc:167

###!!! [Parent][PGPUParent] Error: RunMessage(msgname=PGPU::Msg_ShutdownVR) Channel closing: too late to send/recv, messages will be lost

1644938191596	geckodriver	INFO	Listening on 127.0.0.1:64808
1644938194645	mozrunner::runner	INFO	Running command: "C:\\Program Files\\Mozilla Firefox\\firefox.exe" "--marionette" "-no-remote" "-profile" "C:\\Users\\felip\\AppData\\Local\\Temp\\rust_mozprofileAmyG7N"
1644938195087	Marionette	INFO	Marionette enabled
console.warn: SearchSettings: "get: No settings file exists, new profile?" (new NotFoundError("Could not open the file at C:\\Users\\felip\\AppData\\Local\\Temp\\rust_mozprofileAmyG7N\\search.json.mozlz4", (void 0)))
1644938196795	Marionette	INFO	Listening on port 64825
1644938196860	RemoteAgent	WARN	TLS certificate errors will be ignored for this session
JavaScript error: resource://gre/modules/AsyncShutdown.jsm, line 575: NotFoundError: No such JSWindowActor 'DevToolsFrame'
JavaScript error: resource://gre/modules/AsyncShutdown.jsm, line 575: NotFoundError: No such JSWindowActor 'DevToolsFrame'
1644938474790	Marionette	INFO	Stopped listening on port 64825

###!!! [Parent][PGPUParent] Error: RunMessage(msgname=PGPU::Msg_ShutdownVR) Channel closing: too late to send/recv, messages will be lost

1644938486895	geckodriver	INFO	Listening on 127.0.0.1:59971
1644938489957	mozrunner::runner	INFO	Running command: "C:\\Program Files\\Mozilla Firefox\\firefox.exe" "--marionette" "-no-remote" "-profile" "C:\\Users\\felip\\AppData\\Local\\Temp\\rust_mozprofilegAPYWN"
1644938490446	Marionette	INFO	Marionette enabled
console.warn: SearchSettings: "get: No settings file exists, new profile?" (new NotFoundError("Could not open the file at C:\\Users\\felip\\AppData\\Local\\Temp\\rust_mozprofilegAPYWN\\search.json.mozlz4", (void 0)))
1644938492401	Marionette	INFO	Listening on port 59979
1644938492676	RemoteAgent	WARN	TLS certificate errors will be ignored for this session
JavaScript error: resource://gre/modules/AsyncShutdown.jsm, line 575: NotFoundError: No such JSWindowActor 'DevToolsFrame'
JavaScript error: resource://gre/modules/AsyncShutdown.jsm, line 575: NotFoundError: No such JSWindowActor 'DevToolsFrame'
1644938689447	Marionette	INFO	Stopped listening on port 59979
1644938701442	geckodriver	INFO	Listening on 127.0.0.1:51241
1644938704500	mozrunner::runner	INFO	Running command: "C:\\Program Files\\Mozilla Firefox\\firefox.exe" "--marionette" "-no-remote" "-profile" "C:\\Users\\felip\\AppData\\Local\\Temp\\rust_mozprofileoT3fzI"
1644938704947	Marionette	INFO	Marionette enabled
console.warn: SearchSettings: "get: No settings file exists, new profile?" (new NotFoundError("Could not open the file at C:\\Users\\felip\\AppData\\Local\\Temp\\rust_mozprofileoT3fzI\\search.json.mozlz4", (void 0)))
1644938706640	Marionette	INFO	Listening on port 51250
1644938706695	RemoteAgent	WARN	TLS certificate errors will be ignored for this session
JavaScript error: https://www.paypal.com/sdk/js?client-id=AeuUyDUbnlHJnLRfnK2RUSl4BlaVSyRtBpoaak7YeCyZv1dcFjAAgWHUTiGAmRCDfkCwLaOrHgdT2Apv&vault=true&currency=EUR, line 2: Error: Component closed

###!!! [Child][PContentChild] Error: RunMessage(msgname=PContent::Msg_DestroyBrowsingContextGroup) Channel closing: too late to send/recv, messages will be lost

JavaScript error: https://www.paypal.com/sdk/js?client-id=AeuUyDUbnlHJnLRfnK2RUSl4BlaVSyRtBpoaak7YeCyZv1dcFjAAgWHUTiGAmRCDfkCwLaOrHgdT2Apv&vault=true&currency=EUR, line 2: Error: Component closed
JavaScript error: https://www.paypal.com/sdk/js?client-id=AeuUyDUbnlHJnLRfnK2RUSl4BlaVSyRtBpoaak7YeCyZv1dcFjAAgWHUTiGAmRCDfkCwLaOrHgdT2Apv&vault=true&currency=EUR, line 2: Error: Component closed
JavaScript error: , line 0: NS_ERROR_NOT_AVAILABLE
JavaScript error: resource://gre/modules/AsyncShutdown.jsm, line 575: NotFoundError: No such JSWindowActor 'DevToolsFrame'
JavaScript error: resource://gre/modules/AsyncShutdown.jsm, line 575: NotFoundError: No such JSWindowActor 'DevToolsFrame'
1644968338720	Marionette	INFO	Stopped listening on port 51250
[Parent 5464, IPC I/O Parent] WARNING: file /builds/worker/checkouts/gecko/ipc/chromium/src/base/process_util_win.cc:167
[Parent 5464, IPC I/O Parent] WARNING: file /builds/worker/checkouts/gecko/ipc/chromium/src/base/process_util_win.cc:167
[Parent 5464, IPC I/O Parent] WARNING: file /builds/worker/checkouts/gecko/ipc/chromium/src/base/process_util_win.cc:167
7	RemoteAgent	WARN	TLS certificate errors will be ignored for this session
1644939133490	Marionette	INFO	Stopped listening on port 53323

###!!! [Parent][PGPUParent] Error: RunMessage(msgname=PGPU::Msg_ShutdownVR) Channel closing: too late to send/recv, messages will be lost

1644939227882	geckodriver	INFO	Listening on 127.0.0.1:53420
1644939230957	mozrunner::runner	INFO	Running command: "C:\\Program Files\\Mozilla Firefox\\firefox.exe" "--marionette" "-no-remote" "-profile" "C:\\Users\\felip\\AppData\\Local\\Temp\\rust_mozprofileuDXvn9"
1644939231330	Marionette	INFO	Marionette enabled
console.warn: SearchSettings: "get: No settings file exists, new profile?" (new NotFoundError("Could not open the file at C:\\Users\\felip\\AppData\\Local\\Temp\\rust_mozprofileuDXvn9\\search.json.mozlz4", (void 0)))
1644939233125	Marionette	INFO	Listening on port 53428
1644939233159	RemoteAgent	WARN	TLS certificate errors will be ignored for this session
1644939249698	Marionette	INFO	Stopped listening on port 53428

###!!! [Parent][PGPUParent] Error: RunMessage(msgname=PGPU::Msg_ShutdownVR) Channel closing: too late to send/recv, messages will be lost

1644939286175	geckodriver	INFO	Listening on 127.0.0.1:53516
1644939289230	mozrunner::runner	INFO	Running command: "C:\\Program Files\\Mozilla Firefox\\firefox.exe" "--marionette" "-no-remote" "-profile" "C:\\Users\\felip\\AppData\\Local\\Temp\\rust_mozprofileESXMAn"
1644939289573	Marionette	INFO	Marionette enabled
console.warn: SearchSettings: "get: No settings file exists, new profile?" (new NotFoundError("Could not open the file at C:\\Users\\felip\\AppData\\Local\\Temp\\rust_mozprofileESXMAn\\search.json.mozlz4", (void 0)))
1644939291393	Marionette	INFO	Listening on port 53524
1644939291431	RemoteAgent	WARN	TLS certificate errors will be ignored for this session
1644939322002	Marionette	INFO	Stopped listening on port 53524

###!!! [Parent][PGPUParent] Error: RunMessage(msgname=PGPU::Msg_ShutdownVR) Channel closing: too late to send/recv, messages will be lost

1644939334864	geckodriver	INFO	Listening on 127.0.0.1:53617
1644939337932	mozrunner::runner	INFO	Running command: "C:\\Program Files\\Mozilla Firefox\\firefox.exe" "--marionette" "-no-remote" "-profile" "C:\\Users\\felip\\AppData\\Local\\Temp\\rust_mozprofilexj5c0z"
1644939338308	Marionette	INFO	Marionette enabled
console.warn: SearchSettings: "get: No settings file exists, new profile?" (new NotFoundError("Could not open the file at C:\\Users\\felip\\AppData\\Local\\Temp\\rust_mozprofilexj5c0z\\search.json.mozlz4", (void 0)))
1644939340094	Marionette	INFO	Listening on port 53626
1644939340138	RemoteAgent	WARN	TLS certificate errors will be ignored for this session
1644939367615	Marionette	INFO	Stopped listening on port 53626

###!!! [Parent][PGPUParent] Error: RunMessage(msgname=PGPU::Msg_ShutdownVR) Channel closing: too late to send/recv, messages will be lost

1644939381327	geckodriver	INFO	Listening on 127.0.0.1:53703
1644939384383	mozrunner::runner	INFO	Running command: "C:\\Program Files\\Mozilla Firefox\\firefox.exe" "--marionette" "-no-remote" "-profile" "C:\\Users\\felip\\AppData\\Local\\Temp\\rust_mozprofilexhvVqh"
1644939384729	Marionette	INFO	Marionette enabled
console.warn: SearchSettings: "get: No settings file exists, new profile?" (new NotFoundError("Could not open the file at C:\\Users\\felip\\AppData\\Local\\Temp\\rust_mozprofilexhvVqh\\search.json.mozlz4", (void 0)))
1644939386501	Marionette	INFO	Listening on port 53712
1644939386580	RemoteAgent	WARN	TLS certificate errors will be ignored for this session
1644939473137	Marionette	INFO	Stopped listening on port 53712

###!!! [Parent][PGPUParent] Error: RunMessage(msgname=PGPU::Msg_ShutdownVR) Channel closing: too late to send/recv, messages will be lost

1644939488914	geckodriver	INFO	Listening on 127.0.0.1:53797
1644939491948	mozrunner::runner	INFO	Running command: "C:\\Program Files\\Mozilla Firefox\\firefox.exe" "--marionette" "-no-remote" "-profile" "C:\\Users\\felip\\AppData\\Local\\Temp\\rust_mozprofile3myKJC"
1644939492288	Marionette	INFO	Marionette enabled
console.warn: SearchSettings: "get: No settings file exists, new profile?" (new NotFoundError("Could not open the file at C:\\Users\\felip\\AppData\\Local\\Temp\\rust_mozprofile3myKJC\\search.json.mozlz4", (void 0)))
1644939494086	Marionette	INFO	Listening on port 53806
1644939494150	RemoteAgent	WARN	TLS certificate errors will be ignored for this session
1644939532030	Marionette	INFO	Stopped listening on port 53806

###!!! [Parent][PGPUParent] Error: RunMessage(msgname=PGPU::Msg_ShutdownVR) Channel closing: too late to send/recv, messages will be lost

1644939603700	geckodriver	INFO	Listening on 127.0.0.1:62849
1644939606792	mozrunner::runner	INFO	Running command: "C:\\Program Files\\Mozilla Firefox\\firefox.exe" "--marionette" "-no-remote" "-profile" "C:\\Users\\felip\\AppData\\Local\\Temp\\rust_mozprofileUDYYMS"
1644939607146	Marionette	INFO	Marionette enabled
console.warn: SearchSettings: "get: No settings file exists, new profile?" (new NotFoundError("Could not open the file at C:\\Users\\felip\\AppData\\Local\\Temp\\rust_mozprofileUDYYMS\\search.json.mozlz4", (void 0)))
1644939609021	Marionette	INFO	Listening on port 62859
1644939609492	RemoteAgent	WARN	TLS certificate errors will be ignored for this session
1644939660999	Marionette	INFO	Stopped listening on port 62859

###!!! [Parent][PGPUParent] Error: RunMessage(msgname=PGPU::Msg_ShutdownVR) Channel closing: too late to send/recv, messages will be lost

1644939686028	geckodriver	INFO	Listening on 127.0.0.1:62948
1644939689109	mozrunner::runner	INFO	Running command: "C:\\Program Files\\Mozilla Firefox\\firefox.exe" "--marionette" "-no-remote" "-profile" "C:\\Users\\felip\\AppData\\Local\\Temp\\rust_mozprofileyLL0iC"
1644939689469	Marionette	INFO	Marionette enabled
console.warn: SearchSettings: "get: No settings file exists, new profile?" (new NotFoundError("Could not open the file at C:\\Users\\felip\\AppData\\Local\\Temp\\rust_mozprofileyLL0iC\\search.json.mozlz4", (void 0)))
1644939691307	Marionette	INFO	Listening on port 62956
1644939691807	RemoteAgent	WARN	TLS certificate errors will be ignored for this session
1644939999410	Marionette	INFO	Stopped listening on port 62956

###!!! [Parent][PGPUParent] Error: RunMessage(msgname=PGPU::Msg_ShutdownVR) Channel closing: too late to send/recv, messages will be lost

1644940008472	geckodriver	INFO	Listening on 127.0.0.1:60289
1644940011530	mozrunner::runner	INFO	Running command: "C:\\Program Files\\Mozilla Firefox\\firefox.exe" "--marionette" "-no-remote" "-profile" "C:\\Users\\felip\\AppData\\Local\\Temp\\rust_mozprofileMwdYDA"
1644940011858	Marionette	INFO	Marionette enabled
console.warn: SearchSettings: "get: No settings file exists, new profile?" (new NotFoundError("Could not open the file at C:\\Users\\felip\\AppData\\Local\\Temp\\rust_mozprofileMwdYDA\\search.json.mozlz4", (void 0)))
1644940013631	Marionette	INFO	Listening on port 60297
1644940013722	RemoteAgent	WARN	TLS certificate errors will be ignored for this session
1644940048896	Marionette	INFO	Stopped listening on port 60297

###!!! [Parent][PGPUParent] Error: RunMessage(msgname=PGPU::Msg_ShutdownVR) Channel closing: too late to send/recv, messages will be lost

1644940065866	geckodriver	INFO	Listening on 127.0.0.1:60384
1644940068911	mozrunner::runner	INFO	Running command: "C:\\Program Files\\Mozilla Firefox\\firefox.exe" "--marionette" "-no-remote" "-profile" "C:\\Users\\felip\\AppData\\Local\\Temp\\rust_mozprofilesuEOA4"
1644940069241	Marionette	INFO	Marionette enabled
console.warn: SearchSettings: "get: No settings file exists, new profile?" (new NotFoundError("Could not open the file at C:\\Users\\felip\\AppData\\Local\\Temp\\rust_mozprofilesuEOA4\\search.json.mozlz4", (void 0)))
1644940071037	Marionette	INFO	Listening on port 60392
1644940071109	RemoteAgent	WARN	TLS certificate errors will be ignored for this session
JavaScript error: resource://gre/actors/DateTimePickerChild.jsm, line 64: TypeError: aElement is null
1644940096385	Marionette	INFO	Stopped listening on port 60392

###!!! [Parent][PGPUParent] Error: RunMessage(msgname=PGPU::Msg_ShutdownVR) Channel closing: too late to send/recv, messages will be lost

1644940106453	geckodriver	INFO	Listening on 127.0.0.1:49444
1644940109513	mozrunner::runner	INFO	Running command: "C:\\Program Files\\Mozilla Firefox\\firefox.exe" "--marionette" "-no-remote" "-profile" "C:\\Users\\felip\\AppData\\Local\\Temp\\rust_mozprofile28vNgf"
1644940109842	Marionette	INFO	Marionette enabled
console.warn: SearchSettings: "get: No settings file exists, new profile?" (new NotFoundError("Could not open the file at C:\\Users\\felip\\AppData\\Local\\Temp\\rust_mozprofile28vNgf\\search.json.mozlz4", (void 0)))
1644940111676	Marionette	INFO	Listening on port 49453
1644940111714	RemoteAgent	WARN	TLS certificate errors will be ignored for this session
JavaScript error: resource://gre/actors/DateTimePickerChild.jsm, line 64: TypeError: aElement is null
JavaScript error: resource://gre/actors/DateTimePickerChild.jsm, line 64: TypeError: aElement is null
JavaScript error: resource://gre/modules/AsyncShutdown.jsm, line 575: NotFoundError: No such JSWindowActor 'DevToolsFrame'
JavaScript error: resource://gre/modules/AsyncShutdown.jsm, line 575: NotFoundError: No such JSWindowActor 'DevToolsFrame'
JavaScript error: resource://gre/modules/AsyncShutdown.jsm, line 575: NotFoundError: No such JSWindowActor 'DevToolsFrame'
1644940207557	Marionette	INFO	Stopped listening on port 49453

###!!! [Parent][PGPUParent] Error: RunMessage(msgname=PGPU::Msg_ShutdownVR) Channel closing: too late to send/recv, messages will be lost

